[01m[K/home/joey/projects/skynet/src/navigation_test/src/navigator_node.cpp:[m[K In function â€˜[01m[Kint main(int, char**)[m[Kâ€™:
[01m[K/home/joey/projects/skynet/src/navigation_test/src/navigator_node.cpp:23:3:[m[K [01;31m[Kerror: [m[Kâ€˜[01m[Kvel_pub[m[Kâ€™ was not declared in this scope
   vel_pub.publish(vel_msg);
[01;32m[K   ^[m[K
make[2]: *** [CMakeFiles/navigator_node.dir/src/navigator_node.cpp.o] Error 1
make[1]: *** [CMakeFiles/navigator_node.dir/all] Error 2
make: *** [all] Error 2
