[01m[K/home/joey/projects/skynet/src/navigation_test/src/navigator_node.cpp:12:14:[m[K [01;31m[Kerror: [m[KISO C++ forbids declaration of â€˜[01m[KpublishData[m[Kâ€™ with no type [-fpermissive]
  publishData()
[01;32m[K              ^[m[K
[01m[K/home/joey/projects/skynet/src/navigation_test/src/navigator_node.cpp:28:2:[m[K [01;31m[Kerror: [m[Kâ€˜[01m[Kgeometry[m[Kâ€™ does not name a type
  geometry::Twist vel_msg_;
[01;32m[K  ^[m[K
[01m[K/home/joey/projects/skynet/src/navigation_test/src/navigator_node.cpp:[m[K In member function â€˜[01m[Kint Navigator::publishData()[m[Kâ€™:
[01m[K/home/joey/projects/skynet/src/navigation_test/src/navigator_node.cpp:14:3:[m[K [01;31m[Kerror: [m[Kâ€˜[01m[Kvel_msg[m[Kâ€™ was not declared in this scope
   vel_msg.linear.x = 1;
[01;32m[K   ^[m[K
[01m[K/home/joey/projects/skynet/src/navigation_test/src/navigator_node.cpp:21:20:[m[K [01;31m[Kerror: [m[Kâ€˜[01m[Kvel_msg_[m[Kâ€™ was not declared in this scope
   vel_pub_.publish(vel_msg_);
[01;32m[K                    ^[m[K
make[2]: *** [CMakeFiles/navigator_node.dir/src/navigator_node.cpp.o] Error 1
make[1]: *** [CMakeFiles/navigator_node.dir/all] Error 2
make: *** [all] Error 2
