[01m[K/home/joey/projects/skynet/src/navigator/src/navigator_node.cpp:[m[K In function â€˜[01m[Kint main(int, char**)[m[Kâ€™:
[01m[K/home/joey/projects/skynet/src/navigator/src/navigator_node.cpp:60:2:[m[K [01;31m[Kerror: [m[Kâ€˜[01m[Krate[m[Kâ€™ was not declared in this scope
  rate.sleep();
[01;32m[K  ^[m[K
make[2]: *** [CMakeFiles/navigator_node.dir/src/navigator_node.cpp.o] Error 1
make[1]: *** [CMakeFiles/navigator_node.dir/all] Error 2
make: *** [all] Error 2
