[01m[K/home/joey/projects/skynet/src/navigator/src/navigator_node.cpp:[m[K In member function â€˜[01m[Kvoid skynet::Navigator::odomCallback(const ConstPtr&)[m[Kâ€™:
[01m[K/home/joey/projects/skynet/src/navigator/src/navigator_node.cpp:95:16:[m[K [01;31m[Kerror: [m[Kuninitialized const â€˜[01m[Kroll[m[Kâ€™ [-fpermissive]
   const double roll, pitch, yaw;
[01;32m[K                ^[m[K
[01m[K/home/joey/projects/skynet/src/navigator/src/navigator_node.cpp:95:22:[m[K [01;31m[Kerror: [m[Kuninitialized const â€˜[01m[Kpitch[m[Kâ€™ [-fpermissive]
   const double roll, pitch, yaw;
[01;32m[K                      ^[m[K
[01m[K/home/joey/projects/skynet/src/navigator/src/navigator_node.cpp:95:29:[m[K [01;31m[Kerror: [m[Kuninitialized const â€˜[01m[Kyaw[m[Kâ€™ [-fpermissive]
   const double roll, pitch, yaw;
[01;32m[K                             ^[m[K
[01m[K/home/joey/projects/skynet/src/navigator/src/navigator_node.cpp:96:64:[m[K [01;31m[Kerror: [m[Kbinding â€˜[01m[Kconst double[m[Kâ€™ to reference of type â€˜[01m[KtfScalar& {aka double&}[m[Kâ€™ discards qualifiers
   tf::Matrix3x3(orientation_quaternion).getRPY(roll, pitch, yaw);
[01;32m[K                                                                ^[m[K
In file included from [01m[K/opt/ros/kinetic/include/tf/LinearMath/Transform.h:21:0[m[K,
                 from [01m[K/opt/ros/kinetic/include/tf/transform_datatypes.h:41[m[K,
                 from [01m[K/home/joey/projects/skynet/src/navigator/src/navigator_node.cpp:4[m[K:
[01m[K/opt/ros/kinetic/include/tf/LinearMath/Matrix3x3.h:365:7:[m[K [01;36m[Knote: [m[K  initializing argument 1 of â€˜[01m[Kvoid tf::Matrix3x3::getRPY(tfScalar&, tfScalar&, tfScalar&, unsigned int) const[m[Kâ€™
  void getRPY(tfScalar& roll, tfScalar& pitch, tfScalar& yaw, unsigned int solution_number = 1) const
[01;32m[K       ^[m[K
make[2]: *** [CMakeFiles/navigator_node.dir/src/navigator_node.cpp.o] Error 1
make[1]: *** [CMakeFiles/navigator_node.dir/all] Error 2
make: *** [all] Error 2
