[01m[K/home/joey/projects/skynet/src/navigator/src/navigator_node.cpp:88:36:[m[K [01;31m[Kerror: [m[Kâ€˜[01m[KOdom[m[Kâ€™ in namespace â€˜[01m[Knav_msgs[m[Kâ€™ does not name a type
  void odomCallback(const nav_msgs::Odom::ConstPtr &odom_msg)
[01;32m[K                                    ^[m[K
[01m[K/home/joey/projects/skynet/src/navigator/src/navigator_node.cpp:88:51:[m[K [01;31m[Kerror: [m[Kexpected unqualified-id before â€˜[01m[K&[m[Kâ€™ token
  void odomCallback(const nav_msgs::Odom::ConstPtr &odom_msg)
[01;32m[K                                                   ^[m[K
[01m[K/home/joey/projects/skynet/src/navigator/src/navigator_node.cpp:88:51:[m[K [01;31m[Kerror: [m[Kexpected â€˜[01m[K)[m[Kâ€™ before â€˜[01m[K&[m[Kâ€™ token
[01m[K/home/joey/projects/skynet/src/navigator/src/navigator_node.cpp:88:42:[m[K [01;31m[Kerror: [m[Kexpected â€˜[01m[K;[m[Kâ€™ at end of member declaration
  void odomCallback(const nav_msgs::Odom::ConstPtr &odom_msg)
[01;32m[K                                          ^[m[K
[01m[K/home/joey/projects/skynet/src/navigator/src/navigator_node.cpp:88:52:[m[K [01;31m[Kerror: [m[KISO C++ forbids declaration of â€˜[01m[Kodom_msg[m[Kâ€™ with no type [-fpermissive]
  void odomCallback(const nav_msgs::Odom::ConstPtr &odom_msg)
[01;32m[K                                                    ^[m[K
[01m[K/home/joey/projects/skynet/src/navigator/src/navigator_node.cpp:88:52:[m[K [01;31m[Kerror: [m[Kexpected â€˜[01m[K;[m[Kâ€™ at end of member declaration
[01m[K/home/joey/projects/skynet/src/navigator/src/navigator_node.cpp:88:60:[m[K [01;31m[Kerror: [m[Kexpected unqualified-id before â€˜[01m[K)[m[Kâ€™ token
  void odomCallback(const nav_msgs::Odom::ConstPtr &odom_msg)
[01;32m[K                                                            ^[m[K
[01m[K/home/joey/projects/skynet/src/navigator/src/navigator_node.cpp:124:1:[m[K [01;31m[Kerror: [m[Kexpected â€˜[01m[K}[m[Kâ€™ at end of input
 }
[01;32m[K ^[m[K
[01m[K/home/joey/projects/skynet/src/navigator/src/navigator_node.cpp:[m[K In constructor â€˜[01m[Kskynet::Navigator::Navigator(const ros::NodeHandle&)[m[Kâ€™:
[01m[K/home/joey/projects/skynet/src/navigator/src/navigator_node.cpp:12:41:[m[K [01;31m[Kerror: [m[Kclass â€˜[01m[Kskynet::Navigator[m[Kâ€™ does not have any field named â€˜[01m[Knh_[m[Kâ€™
  Navigator(const ros::NodeHandle &nh) : nh_(nh), pi_(3.14159265358979323846)
[01;32m[K                                         ^[m[K
[01m[K/home/joey/projects/skynet/src/navigator/src/navigator_node.cpp:12:50:[m[K [01;31m[Kerror: [m[Kclass â€˜[01m[Kskynet::Navigator[m[Kâ€™ does not have any field named â€˜[01m[Kpi_[m[Kâ€™
  Navigator(const ros::NodeHandle &nh) : nh_(nh), pi_(3.14159265358979323846)
[01;32m[K                                                  ^[m[K
[01m[K/home/joey/projects/skynet/src/navigator/src/navigator_node.cpp:12:2:[m[K [01;31m[Kerror: [m[Kuninitialized reference member in â€˜[01m[Kint&[m[Kâ€™ [-fpermissive]
  Navigator(const ros::NodeHandle &nh) : nh_(nh), pi_(3.14159265358979323846)
[01;32m[K  ^[m[K
[01m[K/home/joey/projects/skynet/src/navigator/src/navigator_node.cpp:88:52:[m[K [01;36m[Knote: [m[Kâ€˜[01m[Kint& skynet::Navigator::odom_msg[m[Kâ€™ should be initialized
  void odomCallback(const nav_msgs::Odom::ConstPtr &odom_msg)
[01;32m[K                                                    ^[m[K
[01m[K/home/joey/projects/skynet/src/navigator/src/navigator_node.cpp:14:3:[m[K [01;31m[Kerror: [m[Kâ€˜[01m[Kvel_pub_[m[Kâ€™ was not declared in this scope
   vel_pub_ = nh_.advertise<geometry_msgs::Twist>("/cmd_vel_mux/input/teleop", 100);
[01;32m[K   ^[m[K
[01m[K/home/joey/projects/skynet/src/navigator/src/navigator_node.cpp:14:14:[m[K [01;31m[Kerror: [m[Kâ€˜[01m[Knh_[m[Kâ€™ was not declared in this scope
   vel_pub_ = nh_.advertise<geometry_msgs::Twist>("/cmd_vel_mux/input/teleop", 100);
[01;32m[K              ^[m[K
[01m[K/home/joey/projects/skynet/src/navigator/src/navigator_node.cpp:14:48:[m[K [01;31m[Kerror: [m[Kexpected primary-expression before â€˜[01m[K>[m[Kâ€™ token
   vel_pub_ = nh_.advertise<geometry_msgs::Twist>("/cmd_vel_mux/input/teleop", 100);
[01;32m[K                                                ^[m[K
[01m[K/home/joey/projects/skynet/src/navigator/src/navigator_node.cpp:15:3:[m[K [01;31m[Kerror: [m[Kâ€˜[01m[Kpose_sub_[m[Kâ€™ was not declared in this scope
   pose_sub_ = nh_.subscribe("/odom", 100, &Navigator::odomCallback, this);
[01;32m[K   ^[m[K
[01m[K/home/joey/projects/skynet/src/navigator/src/navigator_node.cpp:[m[K In member function â€˜[01m[Kvoid skynet::Navigator::driveStraight(double, double, bool)[m[Kâ€™:
[01m[K/home/joey/projects/skynet/src/navigator/src/navigator_node.cpp:26:4:[m[K [01;31m[Kerror: [m[Kâ€˜[01m[Kvel_msg_[m[Kâ€™ was not declared in this scope
    vel_msg_.linear.x = linear_speed;
[01;32m[K    ^[m[K
[01m[K/home/joey/projects/skynet/src/navigator/src/navigator_node.cpp:30:4:[m[K [01;31m[Kerror: [m[Kâ€˜[01m[Kvel_msg_[m[Kâ€™ was not declared in this scope
    vel_msg_.linear.x = -linear_speed;
[01;32m[K    ^[m[K
[01m[K/home/joey/projects/skynet/src/navigator/src/navigator_node.cpp:32:3:[m[K [01;31m[Kerror: [m[Kâ€˜[01m[Kvel_msg_[m[Kâ€™ was not declared in this scope
   vel_msg_.linear.y = 0;
[01;32m[K   ^[m[K
[01m[K/home/joey/projects/skynet/src/navigator/src/navigator_node.cpp:44:4:[m[K [01;31m[Kerror: [m[Kâ€˜[01m[Kvel_pub_[m[Kâ€™ was not declared in this scope
    vel_pub_.publish(vel_msg_);
[01;32m[K    ^[m[K
[01m[K/home/joey/projects/skynet/src/navigator/src/navigator_node.cpp:51:3:[m[K [01;31m[Kerror: [m[Kâ€˜[01m[Kvel_pub_[m[Kâ€™ was not declared in this scope
   vel_pub_.publish(vel_msg_);
[01;32m[K   ^[m[K
[01m[K/home/joey/projects/skynet/src/navigator/src/navigator_node.cpp:[m[K In member function â€˜[01m[Kvoid skynet::Navigator::turnInPlace(double, double, double)[m[Kâ€™:
[01m[K/home/joey/projects/skynet/src/navigator/src/navigator_node.cpp:56:54:[m[K [01;31m[Kerror: [m[Kâ€˜[01m[Kpi_[m[Kâ€™ was not declared in this scope
   const double angular_speed_rad = angular_speed_deg*pi_/180;
[01;32m[K                                                      ^[m[K
[01m[K/home/joey/projects/skynet/src/navigator/src/navigator_node.cpp:59:3:[m[K [01;31m[Kerror: [m[Kâ€˜[01m[Kvel_msg_[m[Kâ€™ was not declared in this scope
   vel_msg_.linear.x =0;
[01;32m[K   ^[m[K
[01m[K/home/joey/projects/skynet/src/navigator/src/navigator_node.cpp:78:4:[m[K [01;31m[Kerror: [m[Kâ€˜[01m[Kvel_pub_[m[Kâ€™ was not declared in this scope
    vel_pub_.publish(vel_msg_);
[01;32m[K    ^[m[K
[01m[K/home/joey/projects/skynet/src/navigator/src/navigator_node.cpp:85:3:[m[K [01;31m[Kerror: [m[Kâ€˜[01m[Kvel_pub_[m[Kâ€™ was not declared in this scope
   vel_pub_.publish(vel_msg_);
[01;32m[K   ^[m[K
[01m[K/home/joey/projects/skynet/src/navigator/src/navigator_node.cpp:[m[K At global scope:
[01m[K/home/joey/projects/skynet/src/navigator/src/navigator_node.cpp:86:2:[m[K [01;31m[Kerror: [m[Kexpected unqualified-id at end of input
  }
[01;32m[K  ^[m[K
[01m[K/home/joey/projects/skynet/src/navigator/src/navigator_node.cpp:86:2:[m[K [01;31m[Kerror: [m[Kexpected â€˜[01m[K}[m[Kâ€™ at end of input
make[2]: *** [CMakeFiles/navigator_node.dir/src/navigator_node.cpp.o] Error 1
make[1]: *** [CMakeFiles/navigator_node.dir/all] Error 2
make: *** [all] Error 2
