[01m[K/home/joey/projects/skynet/src/navigator/src/navigator_node.cpp:84:2:[m[K [01;31m[Kerror: [m[Kâ€˜[01m[Kconstexpr[m[Kâ€™ does not name a type
  constexpr double pi_ = 3.14159265358979323846;
[01;32m[K  ^[m[K
[01m[K/home/joey/projects/skynet/src/navigator/src/navigator_node.cpp:84:2:[m[K [01;36m[Knote: [m[KC++11 â€˜[01m[Kconstexpr[m[Kâ€™ only available with -std=c++11 or -std=gnu++11
[01m[K/home/joey/projects/skynet/src/navigator/src/navigator_node.cpp:[m[K In member function â€˜[01m[Kvoid Navigator::turnInPlace(double, double, double)[m[Kâ€™:
[01m[K/home/joey/projects/skynet/src/navigator/src/navigator_node.cpp:47:54:[m[K [01;31m[Kerror: [m[Kâ€˜[01m[Kpi_[m[Kâ€™ was not declared in this scope
   const double angular_speed_rad = angular_speed_deg*pi_/180
[01;32m[K                                                      ^[m[K
[01m[K/home/joey/projects/skynet/src/navigator/src/navigator_node.cpp:67:30:[m[K [01;31m[Kerror: [m[Kâ€˜[01m[Krelative_angle_rad[m[Kâ€™ was not declared in this scope
   while (current_angle_rad < relative_angle_rad)
[01;32m[K                              ^[m[K
make[2]: *** [CMakeFiles/navigator_node.dir/src/navigator_node.cpp.o] Error 1
make[1]: *** [CMakeFiles/navigator_node.dir/all] Error 2
make: *** [all] Error 2
