[35m[1mScanning dependencies of target navigator_node[0m
[ 50%] [32mBuilding CXX object CMakeFiles/navigator_node.dir/src/navigator_node.cpp.o[0m
[01m[K/home/joey/projects/skynet/src/navigator/src/navigator_node.cpp:[m[K In member function â€˜[01m[Kvoid skynet::Navigator::turnInPlace(double, double, double)[m[Kâ€™:
[01m[K/home/joey/projects/skynet/src/navigator/src/navigator_node.cpp:50:3:[m[K [01;31m[Kerror: [m[Kexpected â€˜[01m[K,[m[Kâ€™ or â€˜[01m[K;[m[Kâ€™ before â€˜[01m[Kconst[m[Kâ€™
   const double relative_angle_rad = relative_angle_deg*pi_/180
[01;32m[K   ^[m[K
[01m[K/home/joey/projects/skynet/src/navigator/src/navigator_node.cpp:69:30:[m[K [01;31m[Kerror: [m[Kâ€˜[01m[Krelative_angle_rad[m[Kâ€™ was not declared in this scope
   while (current_angle_rad < relative_angle_rad)
[01;32m[K                              ^[m[K
[01m[K/home/joey/projects/skynet/src/navigator/src/navigator_node.cpp:[m[K In function â€˜[01m[Kint main(int, char**)[m[Kâ€™:
[01m[K/home/joey/projects/skynet/src/navigator/src/navigator_node.cpp:94:2:[m[K [01;31m[Kerror: [m[Kâ€˜[01m[KNavigator[m[Kâ€™ was not declared in this scope
  Navigator navigator(nh);
[01;32m[K  ^[m[K
[01m[K/home/joey/projects/skynet/src/navigator/src/navigator_node.cpp:94:2:[m[K [01;36m[Knote: [m[Ksuggested alternative:
[01m[K/home/joey/projects/skynet/src/navigator/src/navigator_node.cpp:7:7:[m[K [01;36m[Knote: [m[K  â€˜[01m[Kskynet::Navigator[m[Kâ€™
 class Navigator 
[01;32m[K       ^[m[K
[01m[K/home/joey/projects/skynet/src/navigator/src/navigator_node.cpp:99:2:[m[K [01;31m[Kerror: [m[Kâ€˜[01m[Knavigator[m[Kâ€™ was not declared in this scope
  navigator.driveStraight(1.5, 4, true);
[01;32m[K  ^[m[K
CMakeFiles/navigator_node.dir/build.make:62: recipe for target 'CMakeFiles/navigator_node.dir/src/navigator_node.cpp.o' failed
make[2]: *** [CMakeFiles/navigator_node.dir/src/navigator_node.cpp.o] Error 1
CMakeFiles/Makefile2:67: recipe for target 'CMakeFiles/navigator_node.dir/all' failed
make[1]: *** [CMakeFiles/navigator_node.dir/all] Error 2
Makefile:138: recipe for target 'all' failed
make: *** [all] Error 2
